<?xml version="1.0" encoding="UTF-8"?>
<testsuite name="com.rev.app.api.service.community.ThreadApiTest" tests="1" skipped="0" failures="0" errors="0" timestamp="2025-11-27T12:37:45.198Z" hostname="ileuleuui-MacBookPro.local" time="1.438">
  <properties/>
  <testcase name="listPublic_ok()" classname="com.rev.app.api.service.community.ThreadApiTest" time="1.438"/>
  <system-out><![CDATA[21:37:45.506 [Test worker] INFO org.hibernate.validator.internal.util.Version -- HV000001: Hibernate Validator 8.0.1.Final
21:37:46.217 [Test worker] INFO org.springframework.mock.web.MockServletContext -- Initializing Spring TestDispatcherServlet ''
21:37:46.217 [Test worker] INFO org.springframework.test.web.servlet.TestDispatcherServlet -- Initializing Servlet ''
21:37:46.219 [Test worker] INFO org.springframework.test.web.servlet.TestDispatcherServlet -- Completed initialization in 1 ms
]]></system-out>
  <system-err><![CDATA[]]></system-err>
</testsuite>
