<?xml version="1.0" encoding="UTF-8"?>
<testsuite name="com.rev.app.repo.ThreadSecurityIntTest" tests="1" skipped="0" failures="0" errors="0" timestamp="2025-12-28T08:41:20.887Z" hostname="ileuleuui-MacBookPro.local" time="0.016">
  <properties/>
  <testcase name="rejectWithoutAuth_401()" classname="com.rev.app.repo.ThreadSecurityIntTest" time="0.016"/>
  <system-out><![CDATA[17:41:19.901 [Test worker] INFO org.springframework.test.context.support.AnnotationConfigContextLoaderUtils -- Could not detect default configuration classes for test class [com.rev.app.repo.ThreadSecurityIntTest]: ThreadSecurityIntTest does not declare any static, non-private, non-final, nested classes annotated with @Configuration.
17:41:19.966 [Test worker] INFO org.springframework.boot.test.context.SpringBootTestContextBootstrapper -- Found @SpringBootConfiguration com.rev.app.RevApplication for test class com.rev.app.repo.ThreadSecurityIntTest

  .   ____          _            __ _ _
 /\\ / ___'_ __ _ _(_)_ __  __ _ \ \ \ \
( ( )\___ | '_ | '_| | '_ \/ _` | \ \ \ \
 \\/  ___)| |_)| | | | | || (_| |  ) ) ) )
  '  |____| .__|_| |_|_| |_\__, | / / / /
 =========|_|==============|___/=/_/_/_/

 :: Spring Boot ::                (v3.3.3)

2025-12-28T17:41:20.179+09:00  INFO 40507 --- [    Test worker] com.rev.app.repo.ThreadSecurityIntTest   : Starting ThreadSecurityIntTest using Java 21.0.5 with PID 40507 (started by ileuleu in /Users/ileuleu/IdeaProjects/re-v-backend)
2025-12-28T17:41:20.180+09:00  INFO 40507 --- [    Test worker] com.rev.app.repo.ThreadSecurityIntTest   : No active profile set, falling back to 1 default profile: "default"
2025-12-28T17:41:20.779+09:00  WARN 40507 --- [    Test worker] .s.s.UserDetailsServiceAutoConfiguration : 

Using generated security password: fa83052f-60cf-4431-804e-0a12c0824b4c

This generated password is for development use only. Your security configuration must be updated before running your application in production.

2025-12-28T17:41:20.797+09:00  INFO 40507 --- [    Test worker] r$InitializeUserDetailsManagerConfigurer : Global AuthenticationManager configured with UserDetailsService bean with name inMemoryUserDetailsManager
2025-12-28T17:41:20.866+09:00  INFO 40507 --- [    Test worker] o.s.b.t.m.w.SpringBootMockServletContext : Initializing Spring TestDispatcherServlet ''
2025-12-28T17:41:20.866+09:00  INFO 40507 --- [    Test worker] o.s.t.web.servlet.TestDispatcherServlet  : Initializing Servlet ''
2025-12-28T17:41:20.866+09:00  INFO 40507 --- [    Test worker] o.s.t.web.servlet.TestDispatcherServlet  : Completed initialization in 0 ms
2025-12-28T17:41:20.881+09:00  INFO 40507 --- [    Test worker] com.rev.app.repo.ThreadSecurityIntTest   : Started ThreadSecurityIntTest in 0.879 seconds (process running for 4.571)
]]></system-out>
  <system-err><![CDATA[]]></system-err>
</testsuite>
