<?xml version="1.0" encoding="UTF-8"?>
<testsuite name="com.rev.app.api.service.community.ThreadApiTest" tests="1" skipped="0" failures="0" errors="0" timestamp="2025-12-28T06:54:38.122Z" hostname="ileuleuui-MacBookPro.local" time="1.499">
  <properties/>
  <testcase name="listPublic_ok()" classname="com.rev.app.api.service.community.ThreadApiTest" time="1.499"/>
  <system-out><![CDATA[15:54:38.428 [Test worker] INFO org.hibernate.validator.internal.util.Version -- HV000001: Hibernate Validator 8.0.1.Final
15:54:39.182 [Test worker] INFO org.springframework.mock.web.MockServletContext -- Initializing Spring TestDispatcherServlet ''
15:54:39.182 [Test worker] INFO org.springframework.test.web.servlet.TestDispatcherServlet -- Initializing Servlet ''
15:54:39.184 [Test worker] INFO org.springframework.test.web.servlet.TestDispatcherServlet -- Completed initialization in 2 ms
]]></system-out>
  <system-err><![CDATA[]]></system-err>
</testsuite>
