<?xml version="1.0" encoding="UTF-8"?>
<testsuite name="com.rev.app.api.controller.NotificationControllerWebMvcTest" tests="2" skipped="2" failures="0" errors="0" timestamp="2025-12-28T08:41:16.818Z" hostname="ileuleuui-MacBookPro.local" time="0.0">
  <properties/>
  <testcase name="markRead_ok()" classname="com.rev.app.api.controller.NotificationControllerWebMvcTest" time="0.0">
    <skipped/>
  </testcase>
  <testcase name="listMine_ok()" classname="com.rev.app.api.controller.NotificationControllerWebMvcTest" time="0.0">
    <skipped/>
  </testcase>
  <system-out><![CDATA[]]></system-out>
  <system-err><![CDATA[]]></system-err>
</testsuite>
