<?xml version="1.0" encoding="UTF-8"?>
<testsuite name="com.rev.app.api.service.community.ThreadApiTest" tests="1" skipped="0" failures="0" errors="0" timestamp="2025-11-10T13:32:42.265Z" hostname="ileuleuui-MacBookPro.local" time="0.013">
  <properties/>
  <testcase name="listPublic_ok()" classname="com.rev.app.api.service.community.ThreadApiTest" time="0.013"/>
  <system-out><![CDATA[22:32:42.269 [Test worker] INFO org.springframework.mock.web.MockServletContext -- Initializing Spring TestDispatcherServlet ''
22:32:42.269 [Test worker] INFO org.springframework.test.web.servlet.TestDispatcherServlet -- Initializing Servlet ''
22:32:42.270 [Test worker] INFO org.springframework.test.web.servlet.TestDispatcherServlet -- Completed initialization in 1 ms
]]></system-out>
  <system-err><![CDATA[]]></system-err>
</testsuite>
