<?xml version="1.0" encoding="UTF-8"?>
<testsuite name="com.rev.app.api.service.community.ThreadApiTest" tests="1" skipped="0" failures="0" errors="0" timestamp="2025-11-10T15:00:11.118Z" hostname="ileuleuui-MacBookPro.local" time="0.511">
  <properties/>
  <testcase name="listPublic_ok()" classname="com.rev.app.api.service.community.ThreadApiTest" time="0.511"/>
  <system-out><![CDATA[00:00:11.360 [Test worker] INFO org.springframework.mock.web.MockServletContext -- Initializing Spring TestDispatcherServlet ''
00:00:11.360 [Test worker] INFO org.springframework.test.web.servlet.TestDispatcherServlet -- Initializing Servlet ''
00:00:11.361 [Test worker] INFO org.springframework.test.web.servlet.TestDispatcherServlet -- Completed initialization in 0 ms
]]></system-out>
  <system-err><![CDATA[]]></system-err>
</testsuite>
